<?xml version="1.0" encoding="UTF-8"?>
<testng-results ignored="0" total="1" passed="1" failed="0" skipped="0">
  <reporter-output>
  </reporter-output>
  <suite started-at="2023-04-11T17:28:55 IST" name="Default suite" finished-at="2023-04-11T17:29:44 IST" duration-ms="49195">
    <groups>
    </groups>
    <test started-at="2023-04-11T17:28:55 IST" name="Default test" finished-at="2023-04-11T17:29:44 IST" duration-ms="49195">
      <class name="omayoBlog.TestCases.DemoBlazeResistrationTestCase">
        <test-method is-config="true" signature="initiateBrowser()[pri:0, instance:omayoBlog.TestCases.DemoBlazeResistrationTestCase@2b91004a]" started-at="2023-04-11T17:28:56 IST" name="initiateBrowser" finished-at="2023-04-11T17:29:42 IST" duration-ms="46563" status="PASS">
          <reporter-output>
          </reporter-output>
        </test-method> <!-- initiateBrowser -->
        <test-method signature="verifyResistration(java.lang.String,java.lang.String,java.lang.String,java.lang.String)[pri:0, instance:omayoBlog.TestCases.DemoBlazeResistrationTestCase@2b91004a]" started-at="2023-04-11T17:29:42 IST" name="verifyResistration" data-provider="detaProviderForRegistration" finished-at="2023-04-11T17:29:42 IST" duration-ms="214" status="PASS">
          <params>
            <param index="0">
              <value>
                <![CDATA[Pratibha]]>
              </value>
            </param>
            <param index="1">
              <value>
                <![CDATA[Patil]]>
              </value>
            </param>
            <param index="2">
              <value>
                <![CDATA[p123456789]]>
              </value>
            </param>
            <param index="3">
              <value>
                <![CDATA[patil@gmail.com]]>
              </value>
            </param>
          </params>
          <reporter-output>
          </reporter-output>
        </test-method> <!-- verifyResistration -->
        <test-method is-config="true" signature="tearDown(org.testng.ITestResult)[pri:0, instance:omayoBlog.TestCases.DemoBlazeResistrationTestCase@2b91004a]" started-at="2023-04-11T17:29:42 IST" name="tearDown" finished-at="2023-04-11T17:29:44 IST" duration-ms="1612" status="PASS">
          <params>
            <param index="0">
              <value>
                <![CDATA[[TestResult name=verifyResistration status=SUCCESS method=DemoBlazeResistrationTestCase.verifyResistration(java.lang.String,java.lang.String,java.lang.String,java.lang.String)[pri:0, instance:omayoBlog.TestCases.DemoBlazeResistrationTestCase@2b91004a] output={null}]]]>
              </value>
            </param>
          </params>
          <reporter-output>
          </reporter-output>
        </test-method> <!-- tearDown -->
      </class> <!-- omayoBlog.TestCases.DemoBlazeResistrationTestCase -->
    </test> <!-- Default test -->
  </suite> <!-- Default suite -->
</testng-results>
